# JRE version: OpenJDK Runtime Environment Temurin-17.0.7+7 (17.0.7+7) (build 17.0.7+7)
# Java VM: OpenJDK 64-Bit Server VM Temurin-17.0.7+7 (17.0.7+7, mixed mode, sharing, tiered, compressed oops, compressed class ptrs, g1 gc, windows-amd64)
GC Precious Log:
 CPUs: 8 total, 8 available
 Memory: 7103M
 Large Page Support: Disabled
 NUMA Support: Disabled
 Compressed Oops: Enabled (Zero based)
 Heap Region Size: 2M
 Heap Min Capacity: 512M
 Heap Initial Capacity: 512M
 Heap Max Capacity: 4072M
 Pre-touch: Disabled
 Parallel Workers: 8
 Concurrent Workers: 2
 Concurrent Refinement Workers: 8
 Periodic GC: Disabled
 String Deduplication is enabled
Heap:
 garbage-first heap   total 524288K, used 91998K [0x0000000701800000, 0x0000000800000000)
  region size 2048K, 9 young (18432K), 0 survivors (0K)
 Metaspace       used 76936K, committed 77440K, reserved 1179648K
  class space    used 10959K, committed 11200K, reserved 1048576K
GC Heap History (20 events):
Event: 795.201 GC heap before
{Heap before GC invocations=35 (full 16):
 garbage-first heap   total 524288K, used 91974K [0x0000000701800000, 0x0000000800000000)
  region size 2048K, 9 young (18432K), 0 survivors (0K)
 Metaspace       used 76907K, committed 77440K, reserved 1179648K
  class space    used 10959K, committed 11200K, reserved 1048576K
}
Event: 795.349 GC heap after
{Heap after GC invocations=36 (full 17):
 garbage-first heap   total 524288K, used 75567K [0x0000000701800000, 0x0000000800000000)
  region size 2048K, 0 young (0K), 0 survivors (0K)
 Metaspace       used 76907K, committed 77440K, reserved 1179648K
  class space    used 10959K, committed 11200K, reserved 1048576K
}
Event: 825.123 GC heap before
{Heap before GC invocations=36 (full 17):
 garbage-first heap   total 524288K, used 93999K [0x0000000701800000, 0x0000000800000000)
  region size 2048K, 10 young (20480K), 0 survivors (0K)
 Metaspace       used 76916K, committed 77440K, reserved 1179648K
  class space    used 10959K, committed 11200K, reserved 1048576K
}
Event: 825.187 GC heap after
{Heap after GC invocations=37 (full 18):
 garbage-first heap   total 524288K, used 75575K [0x0000000701800000, 0x0000000800000000)
  region size 2048K, 0 young (0K), 0 survivors (0K)
 Metaspace       used 76916K, committed 77440K, reserved 1179648K
  class space    used 10959K, committed 11200K, reserved 1048576K
}
Event: 855.204 GC heap before
{Heap before GC invocations=37 (full 18):
 garbage-first heap   total 524288K, used 91959K [0x0000000701800000, 0x0000000800000000)
  region size 2048K, 9 young (18432K), 0 survivors (0K)
 Metaspace       used 76917K, committed 77440K, reserved 1179648K
  class space    used 10959K, committed 11200K, reserved 1048576K
}
Event: 855.263 GC heap after
{Heap after GC invocations=38 (full 19):
 garbage-first heap   total 524288K, used 75575K [0x0000000701800000, 0x0000000800000000)
  region size 2048K, 0 young (0K), 0 survivors (0K)
 Metaspace       used 76917K, committed 77440K, reserved 1179648K
  class space    used 10959K, committed 11200K, reserved 1048576K
}
Event: 885.481 GC heap before
{Heap before GC invocations=38 (full 19):
 garbage-first heap   total 524288K, used 91959K [0x0000000701800000, 0x0000000800000000)
  region size 2048K, 9 young (18432K), 0 survivors (0K)
 Metaspace       used 76917K, committed 77440K, reserved 1179648K
  class space    used 10959K, committed 11200K, reserved 1048576K
}
Event: 885.714 GC heap after
{Heap after GC invocations=39 (full 20):
 garbage-first heap   total 524288K, used 75579K [0x0000000701800000, 0x0000000800000000)
  region size 2048K, 0 young (0K), 0 survivors (0K)
 Metaspace       used 76917K, committed 77440K, reserved 1179648K
  class space    used 10959K, committed 11200K, reserved 1048576K
}
Event: 945.121 GC heap before
{Heap before GC invocations=39 (full 20):
 garbage-first heap   total 524288K, used 108347K [0x0000000701800000, 0x0000000800000000)
  region size 2048K, 17 young (34816K), 0 survivors (0K)
 Metaspace       used 76919K, committed 77440K, reserved 1179648K
  class space    used 10959K, committed 11200K, reserved 1048576K
}
Event: 945.459 GC heap after
{Heap after GC invocations=40 (full 21):
 garbage-first heap   total 524288K, used 75616K [0x0000000701800000, 0x0000000800000000)
  region size 2048K, 0 young (0K), 0 survivors (0K)
 Metaspace       used 76919K, committed 77440K, reserved 1179648K
  class space    used 10959K, committed 11200K, reserved 1048576K
}
Event: 975.221 GC heap before
{Heap before GC invocations=40 (full 21):
 garbage-first heap   total 524288K, used 92000K [0x0000000701800000, 0x0000000800000000)
  region size 2048K, 9 young (18432K), 0 survivors (0K)
 Metaspace       used 76924K, committed 77440K, reserved 1179648K
  class space    used 10959K, committed 11200K, reserved 1048576K
}
Event: 975.269 GC heap after
{Heap after GC invocations=41 (full 22):
 garbage-first heap   total 524288K, used 75594K [0x0000000701800000, 0x0000000800000000)
  region size 2048K, 0 young (0K), 0 survivors (0K)
 Metaspace       used 76924K, committed 77440K, reserved 1179648K
  class space    used 10959K, committed 11200K, reserved 1048576K
}
Event: 1005.486 GC heap before
{Heap before GC invocations=41 (full 22):
 garbage-first heap   total 524288K, used 91978K [0x0000000701800000, 0x0000000800000000)
  region size 2048K, 9 young (18432K), 0 survivors (0K)
 Metaspace       used 76924K, committed 77440K, reserved 1179648K
  class space    used 10959K, committed 11200K, reserved 1048576K
}
Event: 1005.813 GC heap after
{Heap after GC invocations=42 (full 23):
 garbage-first heap   total 524288K, used 75599K [0x0000000701800000, 0x0000000800000000)
  region size 2048K, 0 young (0K), 0 survivors (0K)
 Metaspace       used 76924K, committed 77440K, reserved 1179648K
  class space    used 10959K, committed 11200K, reserved 1048576K
}
Event: 1035.171 GC heap before
{Heap before GC invocations=42 (full 23):
 garbage-first heap   total 524288K, used 91983K [0x0000000701800000, 0x0000000800000000)
  region size 2048K, 9 young (18432K), 0 survivors (0K)
 Metaspace       used 76926K, committed 77440K, reserved 1179648K
  class space    used 10959K, committed 11200K, reserved 1048576K
}
Event: 1035.385 GC heap after
{Heap after GC invocations=43 (full 24):
 garbage-first heap   total 524288K, used 75604K [0x0000000701800000, 0x0000000800000000)
  region size 2048K, 0 young (0K), 0 survivors (0K)
 Metaspace       used 76926K, committed 77440K, reserved 1179648K
  class space    used 10959K, committed 11200K, reserved 1048576K
}
Event: 1065.212 GC heap before
{Heap before GC invocations=43 (full 24):
 garbage-first heap   total 524288K, used 91988K [0x0000000701800000, 0x0000000800000000)
  region size 2048K, 9 young (18432K), 0 survivors (0K)
 Metaspace       used 76929K, committed 77440K, reserved 1179648K
  class space    used 10959K, committed 11200K, reserved 1048576K
}
Event: 1065.294 GC heap after
{Heap after GC invocations=44 (full 25):
 garbage-first heap   total 524288K, used 75609K [0x0000000701800000, 0x0000000800000000)
  region size 2048K, 0 young (0K), 0 survivors (0K)
 Metaspace       used 76929K, committed 77440K, reserved 1179648K
  class space    used 10959K, committed 11200K, reserved 1048576K
}
Event: 1095.274 GC heap before
{Heap before GC invocations=44 (full 25):
 garbage-first heap   total 524288K, used 91993K [0x0000000701800000, 0x0000000800000000)
  region size 2048K, 9 young (18432K), 0 survivors (0K)
 Metaspace       used 76936K, committed 77440K, reserved 1179648K
  class space    used 10959K, committed 11200K, reserved 1048576K
}
Event: 1095.322 GC heap after
{Heap after GC invocations=45 (full 26):
 garbage-first heap   total 524288K, used 75614K [0x0000000701800000, 0x0000000800000000)
  region size 2048K, 0 young (0K), 0 survivors (0K)
 Metaspace       used 76936K, committed 77440K, reserved 1179648K
  class space    used 10959K, committed 11200K, reserved 1048576K
}

